# JRE version: OpenJDK Runtime Environment (8.0_242-b01) (build 1.8.0_242-release-1644-b01)
# Java VM: OpenJDK 64-Bit Server VM (25.242-b01 mixed mode windows-amd64 compressed oops)
Heap:
 PSYoungGen      total 601600K, used 168566K [0x00000000d5580000, 0x00000000ffe00000, 0x0000000100000000)
  eden space 585216K, 26% used [0x00000000d5580000,0x00000000dea6b090,0x00000000f9100000)
  from space 16384K, 99% used [0x00000000f9100000,0x00000000fa0d7b38,0x00000000fa100000)
  to   space 55296K, 0% used [0x00000000fc800000,0x00000000fc800000,0x00000000ffe00000)
 ParOldGen       total 326656K, used 176927K [0x0000000080000000, 0x0000000093f00000, 0x00000000d5580000)
  object space 326656K, 54% used [0x0000000080000000,0x000000008acc7d68,0x0000000093f00000)
 Metaspace       used 140996K, capacity 149482K, committed 149580K, reserved 1179648K
  class space    used 18473K, capacity 20077K, committed 20084K, reserved 1048576K
GC Heap History (10 events):
Event: 712.472 GC heap before
{Heap before GC invocations=21 (full 4):
 PSYoungGen      total 528896K, used 509881K [0x00000000d5580000, 0x00000000f8d80000, 0x0000000100000000)
  eden space 487424K, 100% used [0x00000000d5580000,0x00000000f3180000,0x00000000f3180000)
  from space 41472K, 54% used [0x00000000f6500000,0x00000000f7aee4c0,0x00000000f8d80000)
  to   space 47104K, 0% used [0x00000000f3180000,0x00000000f3180000,0x00000000f5f80000)
 ParOldGen       total 326656K, used 114137K [0x0000000080000000, 0x0000000093f00000, 0x00000000d5580000)
  object space 326656K, 34% used [0x0000000080000000,0x0000000086f764e8,0x0000000093f00000)
 Metaspace       used 130333K, capacity 138102K, committed 138444K, reserved 1169408K
  class space    used 17300K, capacity 18818K, committed 18932K, reserved 1048576K
Event: 712.520 GC heap after
Heap after GC invocations=21 (full 4):
 PSYoungGen      total 534528K, used 43186K [0x00000000d5580000, 0x0000000100000000, 0x0000000100000000)
  eden space 487424K, 0% used [0x00000000d5580000,0x00000000d5580000,0x00000000f3180000)
  from space 47104K, 91% used [0x00000000f3180000,0x00000000f5bacab8,0x00000000f5f80000)
  to   space 52224K, 0% used [0x00000000fcd00000,0x00000000fcd00000,0x0000000100000000)
 ParOldGen       total 326656K, used 130784K [0x0000000080000000, 0x0000000093f00000, 0x00000000d5580000)
  object space 326656K, 40% used [0x0000000080000000,0x0000000087fb8298,0x0000000093f00000)
 Metaspace       used 130333K, capacity 138102K, committed 138444K, reserved 1169408K
  class space    used 17300K, capacity 18818K, committed 18932K, reserved 1048576K
}
Event: 713.068 GC heap before
{Heap before GC invocations=22 (full 4):
 PSYoungGen      total 534528K, used 530610K [0x00000000d5580000, 0x0000000100000000, 0x0000000100000000)
  eden space 487424K, 100% used [0x00000000d5580000,0x00000000f3180000,0x00000000f3180000)
  from space 47104K, 91% used [0x00000000f3180000,0x00000000f5bacab8,0x00000000f5f80000)
  to   space 52224K, 0% used [0x00000000fcd00000,0x00000000fcd00000,0x0000000100000000)
 ParOldGen       total 326656K, used 130784K [0x0000000080000000, 0x0000000093f00000, 0x00000000d5580000)
  object space 326656K, 40% used [0x0000000080000000,0x0000000087fb8298,0x0000000093f00000)
 Metaspace       used 131112K, capacity 138914K, committed 139212K, reserved 1169408K
  class space    used 17345K, capacity 18866K, committed 18932K, reserved 1048576K
Event: 713.088 GC heap after
Heap after GC invocations=22 (full 4):
 PSYoungGen      total 647168K, used 13580K [0x00000000d5580000, 0x0000000100000000, 0x0000000100000000)
  eden space 594944K, 0% used [0x00000000d5580000,0x00000000d5580000,0x00000000f9a80000)
  from space 52224K, 26% used [0x00000000fcd00000,0x00000000fda43218,0x0000000100000000)
  to   space 51712K, 0% used [0x00000000f9a80000,0x00000000f9a80000,0x00000000fcd00000)
 ParOldGen       total 326656K, used 156522K [0x0000000080000000, 0x0000000093f00000, 0x00000000d5580000)
  object space 326656K, 47% used [0x0000000080000000,0x00000000898da830,0x0000000093f00000)
 Metaspace       used 131112K, capacity 138914K, committed 139212K, reserved 1169408K
  class space    used 17345K, capacity 18866K, committed 18932K, reserved 1048576K
}
Event: 714.201 GC heap before
{Heap before GC invocations=23 (full 4):
 PSYoungGen      total 647168K, used 608524K [0x00000000d5580000, 0x0000000100000000, 0x0000000100000000)
  eden space 594944K, 100% used [0x00000000d5580000,0x00000000f9a80000,0x00000000f9a80000)
  from space 52224K, 26% used [0x00000000fcd00000,0x00000000fda43218,0x0000000100000000)
  to   space 51712K, 0% used [0x00000000f9a80000,0x00000000f9a80000,0x00000000fcd00000)
 ParOldGen       total 326656K, used 156522K [0x0000000080000000, 0x0000000093f00000, 0x00000000d5580000)
  object space 326656K, 47% used [0x0000000080000000,0x00000000898da830,0x0000000093f00000)
 Metaspace       used 132331K, capacity 140436K, committed 140620K, reserved 1171456K
  class space    used 17429K, capacity 18983K, committed 19060K, reserved 1048576K
Event: 714.231 GC heap after
Heap after GC invocations=23 (full 4):
 PSYoungGen      total 643072K, used 47952K [0x00000000d5580000, 0x0000000100000000, 0x0000000100000000)
  eden space 594944K, 0% used [0x00000000d5580000,0x00000000d5580000,0x00000000f9a80000)
  from space 48128K, 99% used [0x00000000f9a80000,0x00000000fc954230,0x00000000fc980000)
  to   space 55808K, 0% used [0x00000000fc980000,0x00000000fc980000,0x0000000100000000)
 ParOldGen       total 326656K, used 163499K [0x0000000080000000, 0x0000000093f00000, 0x00000000d5580000)
  object space 326656K, 50% used [0x0000000080000000,0x0000000089faadc0,0x0000000093f00000)
 Metaspace       used 132331K, capacity 140436K, committed 140620K, reserved 1171456K
  class space    used 17429K, capacity 18983K, committed 19060K, reserved 1048576K
}
Event: 719.116 GC heap before
{Heap before GC invocations=24 (full 4):
 PSYoungGen      total 643072K, used 642896K [0x00000000d5580000, 0x0000000100000000, 0x0000000100000000)
  eden space 594944K, 100% used [0x00000000d5580000,0x00000000f9a80000,0x00000000f9a80000)
  from space 48128K, 99% used [0x00000000f9a80000,0x00000000fc954230,0x00000000fc980000)
  to   space 55808K, 0% used [0x00000000fc980000,0x00000000fc980000,0x0000000100000000)
 ParOldGen       total 326656K, used 163499K [0x0000000080000000, 0x0000000093f00000, 0x00000000d5580000)
  object space 326656K, 50% used [0x0000000080000000,0x0000000089faadc0,0x0000000093f00000)
 Metaspace       used 139413K, capacity 147732K, committed 147916K, reserved 1177600K
  class space    used 18289K, capacity 19888K, committed 19956K, reserved 1048576K
Event: 719.130 GC heap after
Heap after GC invocations=24 (full 4):
 PSYoungGen      total 641024K, used 13234K [0x00000000d5580000, 0x0000000100000000, 0x0000000100000000)
  eden space 585216K, 0% used [0x00000000d5580000,0x00000000d5580000,0x00000000f9100000)
  from space 55808K, 23% used [0x00000000fc980000,0x00000000fd66cae0,0x0000000100000000)
  to   space 56832K, 0% used [0x00000000f9100000,0x00000000f9100000,0x00000000fc880000)
 ParOldGen       total 326656K, used 170234K [0x0000000080000000, 0x0000000093f00000, 0x00000000d5580000)
  object space 326656K, 52% used [0x0000000080000000,0x000000008a63e928,0x0000000093f00000)
 Metaspace       used 139413K, capacity 147732K, committed 147916K, reserved 1177600K
  class space    used 18289K, capacity 19888K, committed 19956K, reserved 1048576K
}
Event: 732.716 GC heap before
{Heap before GC invocations=25 (full 4):
 PSYoungGen      total 641024K, used 598450K [0x00000000d5580000, 0x0000000100000000, 0x0000000100000000)
  eden space 585216K, 100% used [0x00000000d5580000,0x00000000f9100000,0x00000000f9100000)
  from space 55808K, 23% used [0x00000000fc980000,0x00000000fd66cae0,0x0000000100000000)
  to   space 56832K, 0% used [0x00000000f9100000,0x00000000f9100000,0x00000000fc880000)
 ParOldGen       total 326656K, used 170234K [0x0000000080000000, 0x0000000093f00000, 0x00000000d5580000)
  object space 326656K, 52% used [0x0000000080000000,0x000000008a63e928,0x0000000093f00000)
 Metaspace       used 140830K, capacity 149272K, committed 149324K, reserved 1179648K
  class space    used 18458K, capacity 20064K, committed 20084K, reserved 1048576K
Event: 732.728 GC heap after
Heap after GC invocations=25 (full 4):
 PSYoungGen      total 601600K, used 16222K [0x00000000d5580000, 0x00000000ffe00000, 0x0000000100000000)
  eden space 585216K, 0% used [0x00000000d5580000,0x00000000d5580000,0x00000000f9100000)
  from space 16384K, 99% used [0x00000000f9100000,0x00000000fa0d7b38,0x00000000fa100000)
  to   space 55296K, 0% used [0x00000000fc800000,0x00000000fc800000,0x00000000ffe00000)
 ParOldGen       total 326656K, used 176927K [0x0000000080000000, 0x0000000093f00000, 0x00000000d5580000)
  object space 326656K, 54% used [0x0000000080000000,0x000000008acc7d68,0x0000000093f00000)
 Metaspace       used 140830K, capacity 149272K, committed 149324K, reserved 1179648K
  class space    used 18458K, capacity 20064K, committed 20084K, reserved 1048576K
}

